2018-07-25 16:53:49.621  INFO 21660 --- [main] c.e.serviceweb.ServiceWebApplication     : Starting ServiceWebApplication on DESKTOP-VIC9HSB with PID 21660 (E:\idea_workspace\comeshop\service-web\target\classes started by Cocoa in E:\idea_workspace\comeshop)
2018-07-25 16:53:49.630  INFO 21660 --- [main] c.e.serviceweb.ServiceWebApplication     : The following profiles are active: dev
2018-07-25 16:53:49.858  INFO 21660 --- [main] ConfigServletWebServerApplicationContext : Refreshing org.springframework.boot.web.servlet.context.AnnotationConfigServletWebServerApplicationContext@6e950bcf: startup date [Wed Jul 25 16:53:49 GMT+08:00 2018]; root of context hierarchy
2018-07-25 16:53:51.963  INFO 21660 --- [main] o.s.b.w.embedded.tomcat.TomcatWebServer  : Tomcat initialized with port(s): 7000 (http)
2018-07-25 16:53:51.999  INFO 21660 --- [main] o.apache.catalina.core.StandardService   : Starting service [Tomcat]
2018-07-25 16:53:52.000  INFO 21660 --- [main] org.apache.catalina.core.StandardEngine  : Starting Servlet Engine: Apache Tomcat/8.5.31
2018-07-25 16:53:52.006  INFO 21660 --- [localhost-startStop-1] o.a.catalina.core.AprLifecycleListener   : The APR based Apache Tomcat Native library which allows optimal performance in production environments was not found on the java.library.path: [C:\Program Files\Java\jdk1.8.0_171\bin;C:\WINDOWS\Sun\Java\bin;C:\WINDOWS\system32;C:\WINDOWS;C:\Program Files (x86)\Common Files\Oracle\Java\javapath;D:\oracle\product\11.2.0\dbhome_1\bin;C:\Program Files\Java\jdk1.7.0_45\bin;C:\Program Files (x86)\Intel\iCLS Client\;C:\Program Files\Intel\iCLS Client\;C:\Windows\system32;C:\Windows;C:\Windows\System32\Wbem;C:\Windows\System32\WindowsPowerShell\v1.0\;C:\Program Files (x86)\Intel\Intel(R) Management Engine Components\DAL;C:\Program Files\Intel\Intel(R) Management Engine Components\DAL;C:\Program Files (x86)\Intel\Intel(R) Management Engine Components\IPT;C:\Program Files\Intel\Intel(R) Management Engine Components\IPT;C:\Program Files\Intel\IntelSGXPSW\bin\x64\Release\;C:\Program Files\Intel\IntelSGXPSW\bin\win32\Release\;C:\Program Files (x86)\NVIDIA Corporation\PhysX\Common;C:\Program Files\Hewlett-Packard\SimplePass\;C:\WINDOWS\system32;C:\WINDOWS;C:\WINDOWS\System32\Wbem;C:\WINDOWS\System32\WindowsPowerShell\v1.0\;D:\Program Files\TortoiseSVN\bin;D:\Program Files\adt\sdk\platform-tools;C:\Program Files\Intel\WiFi\bin\;C:\Program Files\Common Files\Intel\WirelessCommon\;C:\Program Files\Git\cmd;C:\Program Files\Microsoft SQL Server\110\Tools\Binn\;C:\WINDOWS\system32\config\systemprofile\.dnx\bin;C:\Program Files\Microsoft DNX\Dnvm\;C:\Program Files\Microsoft SQL Server\130\Tools\Binn\;C:\Program Files (x86)\Windows Kits\8.1\Windows Performance Toolkit\;D:\Program Files\apache-maven-3.5.2\bin;d:\Program Files (x86)\SSH Communications Security\SSH Secure Shell;C:\Users\Cocoa\AppData\Local\Microsoft\WindowsApps;;.]
2018-07-25 16:53:52.187  INFO 21660 --- [localhost-startStop-1] o.a.c.c.C.[Tomcat].[localhost].[/]       : Initializing Spring embedded WebApplicationContext
2018-07-25 16:53:52.188  INFO 21660 --- [localhost-startStop-1] o.s.web.context.ContextLoader            : Root WebApplicationContext: initialization completed in 2330 ms
2018-07-25 16:53:52.385  INFO 21660 --- [localhost-startStop-1] o.s.b.w.servlet.ServletRegistrationBean  : Servlet dispatcherServlet mapped to [/]
2018-07-25 16:53:52.392  INFO 21660 --- [localhost-startStop-1] o.s.b.w.servlet.FilterRegistrationBean   : Mapping filter: 'characterEncodingFilter' to: [/*]
2018-07-25 16:53:52.393  INFO 21660 --- [localhost-startStop-1] o.s.b.w.servlet.FilterRegistrationBean   : Mapping filter: 'hiddenHttpMethodFilter' to: [/*]
2018-07-25 16:53:52.393  INFO 21660 --- [localhost-startStop-1] o.s.b.w.servlet.FilterRegistrationBean   : Mapping filter: 'httpPutFormContentFilter' to: [/*]
2018-07-25 16:53:52.393  INFO 21660 --- [localhost-startStop-1] o.s.b.w.servlet.FilterRegistrationBean   : Mapping filter: 'requestContextFilter' to: [/*]
2018-07-25 16:53:53.025  INFO 21660 --- [main] o.s.w.s.handler.SimpleUrlHandlerMapping  : Mapped URL path [/**/favicon.ico] onto handler of type [class org.springframework.web.servlet.resource.ResourceHttpRequestHandler]
2018-07-25 16:53:53.390  INFO 21660 --- [main] s.w.s.m.m.a.RequestMappingHandlerAdapter : Looking for @ControllerAdvice: org.springframework.boot.web.servlet.context.AnnotationConfigServletWebServerApplicationContext@6e950bcf: startup date [Wed Jul 25 16:53:49 GMT+08:00 2018]; root of context hierarchy
2018-07-25 16:53:53.482  INFO 21660 --- [main] s.w.s.m.m.a.RequestMappingHandlerMapping : Mapped "{[/get]}" onto public java.lang.String com.eshop.serviceweb.controller.TestController.get(java.lang.Long)
2018-07-25 16:53:53.486  INFO 21660 --- [main] s.w.s.m.m.a.RequestMappingHandlerMapping : Mapped "{[/getPageList]}" onto public com.eshop.serviceweb.common.model.ResultList<java.util.List<com.eshop.serviceweb.model.User>> com.eshop.serviceweb.controller.TestController.getPageList(com.github.pagehelper.Page<com.eshop.serviceweb.model.User>,com.eshop.serviceweb.model.User)
2018-07-25 16:53:53.487  INFO 21660 --- [main] s.w.s.m.m.a.RequestMappingHandlerMapping : Mapped "{[/add]}" onto public com.eshop.serviceweb.common.model.ResultEntity<java.lang.String> com.eshop.serviceweb.controller.BaseController.add(T)
2018-07-25 16:53:53.489  INFO 21660 --- [main] s.w.s.m.m.a.RequestMappingHandlerMapping : Mapped "{[/update]}" onto public com.eshop.serviceweb.common.model.ResultEntity<java.lang.String> com.eshop.serviceweb.controller.BaseController.update(T)
2018-07-25 16:53:53.490  INFO 21660 --- [main] s.w.s.m.m.a.RequestMappingHandlerMapping : Mapped "{[/delete]}" onto public com.eshop.serviceweb.common.model.ResultEntity<java.lang.String> com.eshop.serviceweb.controller.BaseController.delete(java.lang.Long)
2018-07-25 16:53:53.490  INFO 21660 --- [main] s.w.s.m.m.a.RequestMappingHandlerMapping : Mapped "{[/list]}" onto public com.eshop.serviceweb.common.model.ResultList<java.util.List<T>> com.eshop.serviceweb.controller.BaseController.list(com.github.pagehelper.Page<T>,T)
2018-07-25 16:53:53.494  INFO 21660 --- [main] s.w.s.m.m.a.RequestMappingHandlerMapping : Mapped "{[/error]}" onto public org.springframework.http.ResponseEntity<java.util.Map<java.lang.String, java.lang.Object>> org.springframework.boot.autoconfigure.web.servlet.error.BasicErrorController.error(javax.servlet.http.HttpServletRequest)
2018-07-25 16:53:53.495  INFO 21660 --- [main] s.w.s.m.m.a.RequestMappingHandlerMapping : Mapped "{[/error],produces=[text/html]}" onto public org.springframework.web.servlet.ModelAndView org.springframework.boot.autoconfigure.web.servlet.error.BasicErrorController.errorHtml(javax.servlet.http.HttpServletRequest,javax.servlet.http.HttpServletResponse)
2018-07-25 16:53:53.532  INFO 21660 --- [main] o.s.w.s.handler.SimpleUrlHandlerMapping  : Mapped URL path [/webjars/**] onto handler of type [class org.springframework.web.servlet.resource.ResourceHttpRequestHandler]
2018-07-25 16:53:53.533  INFO 21660 --- [main] o.s.w.s.handler.SimpleUrlHandlerMapping  : Mapped URL path [/**] onto handler of type [class org.springframework.web.servlet.resource.ResourceHttpRequestHandler]
2018-07-25 16:53:53.952  INFO 21660 --- [main] o.s.j.e.a.AnnotationMBeanExporter        : Registering beans for JMX exposure on startup
2018-07-25 16:53:53.954  INFO 21660 --- [main] o.s.j.e.a.AnnotationMBeanExporter        : Bean with name 'dataSource' has been autodetected for JMX exposure
2018-07-25 16:53:53.962  INFO 21660 --- [main] o.s.j.e.a.AnnotationMBeanExporter        : Located MBean 'dataSource': registering with JMX server as MBean [com.zaxxer.hikari:name=dataSource,type=HikariDataSource]
2018-07-25 16:53:54.014  INFO 21660 --- [main] o.s.b.w.embedded.tomcat.TomcatWebServer  : Tomcat started on port(s): 7000 (http) with context path ''
2018-07-25 16:53:54.021  INFO 21660 --- [main] c.e.serviceweb.ServiceWebApplication     : Started ServiceWebApplication in 5.549 seconds (JVM running for 7.084)
2018-07-25 16:54:25.383  INFO 21660 --- [http-nio-7000-exec-3] o.a.c.c.C.[Tomcat].[localhost].[/]       : Initializing Spring FrameworkServlet 'dispatcherServlet'
2018-07-25 16:54:25.383  INFO 21660 --- [http-nio-7000-exec-3] o.s.web.servlet.DispatcherServlet        : FrameworkServlet 'dispatcherServlet': initialization started
2018-07-25 16:54:25.414  INFO 21660 --- [http-nio-7000-exec-3] o.s.web.servlet.DispatcherServlet        : FrameworkServlet 'dispatcherServlet': initialization completed in 31 ms
2018-07-25 16:54:25.597  INFO 21660 --- [http-nio-7000-exec-3] com.zaxxer.hikari.HikariDataSource       : HikariPool-1 - Starting...
2018-07-25 16:54:25.814  INFO 21660 --- [http-nio-7000-exec-3] com.zaxxer.hikari.HikariDataSource       : HikariPool-1 - Start completed.
2018-07-25 16:54:25.825 DEBUG 21660 --- [http-nio-7000-exec-3] c.e.s.m.UserMapper.getPageList_COUNT     : ==>  Preparing: SELECT count(0) FROM t_user 
2018-07-25 16:54:25.848 DEBUG 21660 --- [http-nio-7000-exec-3] c.e.s.m.UserMapper.getPageList_COUNT     : ==> Parameters: 
2018-07-25 16:54:25.863 DEBUG 21660 --- [http-nio-7000-exec-3] c.e.s.m.UserMapper.getPageList_COUNT     : <==      Total: 1
2018-07-25 16:54:25.866 DEBUG 21660 --- [http-nio-7000-exec-3] c.e.s.mapper.UserMapper.getPageList      : ==>  Preparing: select * from t_user LIMIT ?, ? 
2018-07-25 16:54:25.866 DEBUG 21660 --- [http-nio-7000-exec-3] c.e.s.mapper.UserMapper.getPageList      : ==> Parameters: 3(Integer), 3(Integer)
2018-07-25 16:54:25.870 DEBUG 21660 --- [http-nio-7000-exec-3] c.e.s.mapper.UserMapper.getPageList      : <==      Total: 3
2018-07-25 20:52:29.025  INFO 12056 --- [main] c.e.serviceweb.ServiceWebApplication     : Starting ServiceWebApplication on DESKTOP-VIC9HSB with PID 12056 (E:\idea_workspace\comeshop\service-web\target\classes started by Cocoa in E:\idea_workspace\comeshop)
2018-07-25 20:52:29.029  INFO 12056 --- [main] c.e.serviceweb.ServiceWebApplication     : The following profiles are active: dev
2018-07-25 20:52:29.167  INFO 12056 --- [main] ConfigServletWebServerApplicationContext : Refreshing org.springframework.boot.web.servlet.context.AnnotationConfigServletWebServerApplicationContext@38d8f54a: startup date [Wed Jul 25 20:52:29 GMT+08:00 2018]; root of context hierarchy
2018-07-25 20:52:30.817  INFO 12056 --- [main] o.s.b.w.embedded.tomcat.TomcatWebServer  : Tomcat initialized with port(s): 7000 (http)
2018-07-25 20:52:30.847  INFO 12056 --- [main] o.apache.catalina.core.StandardService   : Starting service [Tomcat]
2018-07-25 20:52:30.847  INFO 12056 --- [main] org.apache.catalina.core.StandardEngine  : Starting Servlet Engine: Apache Tomcat/8.5.31
2018-07-25 20:52:30.853  INFO 12056 --- [localhost-startStop-1] o.a.catalina.core.AprLifecycleListener   : The APR based Apache Tomcat Native library which allows optimal performance in production environments was not found on the java.library.path: [C:\Program Files\Java\jdk1.8.0_171\bin;C:\WINDOWS\Sun\Java\bin;C:\WINDOWS\system32;C:\WINDOWS;C:\Program Files (x86)\Common Files\Oracle\Java\javapath;D:\oracle\product\11.2.0\dbhome_1\bin;C:\Program Files\Java\jdk1.7.0_45\bin;C:\Program Files (x86)\Intel\iCLS Client\;C:\Program Files\Intel\iCLS Client\;C:\Windows\system32;C:\Windows;C:\Windows\System32\Wbem;C:\Windows\System32\WindowsPowerShell\v1.0\;C:\Program Files (x86)\Intel\Intel(R) Management Engine Components\DAL;C:\Program Files\Intel\Intel(R) Management Engine Components\DAL;C:\Program Files (x86)\Intel\Intel(R) Management Engine Components\IPT;C:\Program Files\Intel\Intel(R) Management Engine Components\IPT;C:\Program Files\Intel\IntelSGXPSW\bin\x64\Release\;C:\Program Files\Intel\IntelSGXPSW\bin\win32\Release\;C:\Program Files (x86)\NVIDIA Corporation\PhysX\Common;C:\Program Files\Hewlett-Packard\SimplePass\;C:\WINDOWS\system32;C:\WINDOWS;C:\WINDOWS\System32\Wbem;C:\WINDOWS\System32\WindowsPowerShell\v1.0\;D:\Program Files\TortoiseSVN\bin;D:\Program Files\adt\sdk\platform-tools;C:\Program Files\Intel\WiFi\bin\;C:\Program Files\Common Files\Intel\WirelessCommon\;C:\Program Files\Git\cmd;C:\Program Files\Microsoft SQL Server\110\Tools\Binn\;C:\WINDOWS\system32\config\systemprofile\.dnx\bin;C:\Program Files\Microsoft DNX\Dnvm\;C:\Program Files\Microsoft SQL Server\130\Tools\Binn\;C:\Program Files (x86)\Windows Kits\8.1\Windows Performance Toolkit\;D:\Program Files\apache-maven-3.5.2\bin;d:\Program Files (x86)\SSH Communications Security\SSH Secure Shell;C:\Users\Cocoa\AppData\Local\Microsoft\WindowsApps;;.]
2018-07-25 20:52:31.005  INFO 12056 --- [localhost-startStop-1] o.a.c.c.C.[Tomcat].[localhost].[/]       : Initializing Spring embedded WebApplicationContext
2018-07-25 20:52:31.006  INFO 12056 --- [localhost-startStop-1] o.s.web.context.ContextLoader            : Root WebApplicationContext: initialization completed in 1840 ms
2018-07-25 20:52:31.196  INFO 12056 --- [localhost-startStop-1] o.s.b.w.servlet.ServletRegistrationBean  : Servlet dispatcherServlet mapped to [/]
2018-07-25 20:52:31.200  INFO 12056 --- [localhost-startStop-1] o.s.b.w.servlet.FilterRegistrationBean   : Mapping filter: 'characterEncodingFilter' to: [/*]
2018-07-25 20:52:31.201  INFO 12056 --- [localhost-startStop-1] o.s.b.w.servlet.FilterRegistrationBean   : Mapping filter: 'hiddenHttpMethodFilter' to: [/*]
2018-07-25 20:52:31.201  INFO 12056 --- [localhost-startStop-1] o.s.b.w.servlet.FilterRegistrationBean   : Mapping filter: 'httpPutFormContentFilter' to: [/*]
2018-07-25 20:52:31.201  INFO 12056 --- [localhost-startStop-1] o.s.b.w.servlet.FilterRegistrationBean   : Mapping filter: 'requestContextFilter' to: [/*]
2018-07-25 20:52:31.702  INFO 12056 --- [main] o.s.w.s.handler.SimpleUrlHandlerMapping  : Mapped URL path [/**/favicon.ico] onto handler of type [class org.springframework.web.servlet.resource.ResourceHttpRequestHandler]
2018-07-25 20:52:31.975  INFO 12056 --- [main] s.w.s.m.m.a.RequestMappingHandlerAdapter : Looking for @ControllerAdvice: org.springframework.boot.web.servlet.context.AnnotationConfigServletWebServerApplicationContext@38d8f54a: startup date [Wed Jul 25 20:52:29 GMT+08:00 2018]; root of context hierarchy
2018-07-25 20:52:32.157  INFO 12056 --- [main] s.w.s.m.m.a.RequestMappingHandlerMapping : Mapped "{[/get]}" onto public java.lang.String com.eshop.serviceweb.controller.TestController.get(java.lang.Long)
2018-07-25 20:52:32.163  INFO 12056 --- [main] s.w.s.m.m.a.RequestMappingHandlerMapping : Mapped "{[/getPageList]}" onto public com.eshop.serviceweb.common.model.ResultList<java.util.List<com.eshop.serviceweb.model.User>> com.eshop.serviceweb.controller.TestController.getPageList(com.github.pagehelper.Page<com.eshop.serviceweb.model.User>,com.eshop.serviceweb.model.User)
2018-07-25 20:52:32.164  INFO 12056 --- [main] s.w.s.m.m.a.RequestMappingHandlerMapping : Mapped "{[/add]}" onto public com.eshop.serviceweb.common.model.ResultEntity<java.lang.String> com.eshop.serviceweb.controller.BaseController.add(T)
2018-07-25 20:52:32.166  INFO 12056 --- [main] s.w.s.m.m.a.RequestMappingHandlerMapping : Mapped "{[/update]}" onto public com.eshop.serviceweb.common.model.ResultEntity<java.lang.String> com.eshop.serviceweb.controller.BaseController.update(T)
2018-07-25 20:52:32.167  INFO 12056 --- [main] s.w.s.m.m.a.RequestMappingHandlerMapping : Mapped "{[/delete]}" onto public com.eshop.serviceweb.common.model.ResultEntity<java.lang.String> com.eshop.serviceweb.controller.BaseController.delete(java.lang.Long)
2018-07-25 20:52:32.168  INFO 12056 --- [main] s.w.s.m.m.a.RequestMappingHandlerMapping : Mapped "{[/list]}" onto public com.eshop.serviceweb.common.model.ResultList<java.util.List<T>> com.eshop.serviceweb.controller.BaseController.list(com.github.pagehelper.Page<T>,T)
2018-07-25 20:52:32.172  INFO 12056 --- [main] s.w.s.m.m.a.RequestMappingHandlerMapping : Mapped "{[/error]}" onto public org.springframework.http.ResponseEntity<java.util.Map<java.lang.String, java.lang.Object>> org.springframework.boot.autoconfigure.web.servlet.error.BasicErrorController.error(javax.servlet.http.HttpServletRequest)
2018-07-25 20:52:32.173  INFO 12056 --- [main] s.w.s.m.m.a.RequestMappingHandlerMapping : Mapped "{[/error],produces=[text/html]}" onto public org.springframework.web.servlet.ModelAndView org.springframework.boot.autoconfigure.web.servlet.error.BasicErrorController.errorHtml(javax.servlet.http.HttpServletRequest,javax.servlet.http.HttpServletResponse)
2018-07-25 20:52:32.211  INFO 12056 --- [main] o.s.w.s.handler.SimpleUrlHandlerMapping  : Mapped URL path [/webjars/**] onto handler of type [class org.springframework.web.servlet.resource.ResourceHttpRequestHandler]
2018-07-25 20:52:32.211  INFO 12056 --- [main] o.s.w.s.handler.SimpleUrlHandlerMapping  : Mapped URL path [/**] onto handler of type [class org.springframework.web.servlet.resource.ResourceHttpRequestHandler]
2018-07-25 20:52:32.558  INFO 12056 --- [main] o.s.j.e.a.AnnotationMBeanExporter        : Registering beans for JMX exposure on startup
2018-07-25 20:52:32.560  INFO 12056 --- [main] o.s.j.e.a.AnnotationMBeanExporter        : Bean with name 'dataSource' has been autodetected for JMX exposure
2018-07-25 20:52:32.566  INFO 12056 --- [main] o.s.j.e.a.AnnotationMBeanExporter        : Located MBean 'dataSource': registering with JMX server as MBean [com.zaxxer.hikari:name=dataSource,type=HikariDataSource]
2018-07-25 20:52:32.606  INFO 12056 --- [main] o.s.b.w.embedded.tomcat.TomcatWebServer  : Tomcat started on port(s): 7000 (http) with context path ''
2018-07-25 20:52:32.611  INFO 12056 --- [main] c.e.serviceweb.ServiceWebApplication     : Started ServiceWebApplication in 4.468 seconds (JVM running for 5.723)
