2018-07-25 18:30:04.342  INFO 11088 --- [main] c.e.s.ServiceAppApplicationTests         : Starting ServiceAppApplicationTests on DESKTOP-VIC9HSB with PID 11088 (started by Cocoa in E:\idea_workspace\comeshop\service-app)
2018-07-25 18:30:04.343  INFO 11088 --- [main] c.e.s.ServiceAppApplicationTests         : The following profiles are active: dev
2018-07-25 18:30:04.421  INFO 11088 --- [main] o.s.w.c.s.GenericWebApplicationContext   : Refreshing org.springframework.web.context.support.GenericWebApplicationContext@4f704591: startup date [Wed Jul 25 18:30:04 GMT+08:00 2018]; root of context hierarchy
2018-07-25 18:30:07.940  INFO 11088 --- [main] o.s.w.s.handler.SimpleUrlHandlerMapping  : Mapped URL path [/**/favicon.ico] onto handler of type [class org.springframework.web.servlet.resource.ResourceHttpRequestHandler]
2018-07-25 18:30:08.359  INFO 11088 --- [main] s.w.s.m.m.a.RequestMappingHandlerAdapter : Looking for @ControllerAdvice: org.springframework.web.context.support.GenericWebApplicationContext@4f704591: startup date [Wed Jul 25 18:30:04 GMT+08:00 2018]; root of context hierarchy
2018-07-25 18:30:08.517  INFO 11088 --- [main] s.w.s.m.m.a.RequestMappingHandlerMapping : Mapped "{[/get]}" onto public java.lang.String com.eshop.serviceapp.controller.TestController.get(java.lang.Long)
2018-07-25 18:30:08.522  INFO 11088 --- [main] s.w.s.m.m.a.RequestMappingHandlerMapping : Mapped "{[/getPageList]}" onto public com.eshop.serviceapp.common.model.ResultList<java.util.List<com.eshop.serviceapp.model.User>> com.eshop.serviceapp.controller.TestController.getPageList(com.github.pagehelper.Page<com.eshop.serviceapp.model.User>,com.eshop.serviceapp.model.User)
2018-07-25 18:30:08.524  INFO 11088 --- [main] s.w.s.m.m.a.RequestMappingHandlerMapping : Mapped "{[/add]}" onto public com.eshop.serviceapp.common.model.ResultEntity<java.lang.String> com.eshop.serviceapp.controller.BaseController.add(T)
2018-07-25 18:30:08.526  INFO 11088 --- [main] s.w.s.m.m.a.RequestMappingHandlerMapping : Mapped "{[/update]}" onto public com.eshop.serviceapp.common.model.ResultEntity<java.lang.String> com.eshop.serviceapp.controller.BaseController.update(T)
2018-07-25 18:30:08.528  INFO 11088 --- [main] s.w.s.m.m.a.RequestMappingHandlerMapping : Mapped "{[/delete]}" onto public com.eshop.serviceapp.common.model.ResultEntity<java.lang.String> com.eshop.serviceapp.controller.BaseController.delete(java.lang.Long)
2018-07-25 18:30:08.530  INFO 11088 --- [main] s.w.s.m.m.a.RequestMappingHandlerMapping : Mapped "{[/list]}" onto public com.eshop.serviceapp.common.model.ResultList<java.util.List<T>> com.eshop.serviceapp.controller.BaseController.list(com.github.pagehelper.Page<T>,T)
2018-07-25 18:30:08.539  INFO 11088 --- [main] s.w.s.m.m.a.RequestMappingHandlerMapping : Mapped "{[/error]}" onto public org.springframework.http.ResponseEntity<java.util.Map<java.lang.String, java.lang.Object>> org.springframework.boot.autoconfigure.web.servlet.error.BasicErrorController.error(javax.servlet.http.HttpServletRequest)
2018-07-25 18:30:08.541  INFO 11088 --- [main] s.w.s.m.m.a.RequestMappingHandlerMapping : Mapped "{[/error],produces=[text/html]}" onto public org.springframework.web.servlet.ModelAndView org.springframework.boot.autoconfigure.web.servlet.error.BasicErrorController.errorHtml(javax.servlet.http.HttpServletRequest,javax.servlet.http.HttpServletResponse)
2018-07-25 18:30:08.610  INFO 11088 --- [main] o.s.w.s.handler.SimpleUrlHandlerMapping  : Mapped URL path [/webjars/**] onto handler of type [class org.springframework.web.servlet.resource.ResourceHttpRequestHandler]
2018-07-25 18:30:08.611  INFO 11088 --- [main] o.s.w.s.handler.SimpleUrlHandlerMapping  : Mapped URL path [/**] onto handler of type [class org.springframework.web.servlet.resource.ResourceHttpRequestHandler]
2018-07-25 18:30:09.639  INFO 11088 --- [main] c.e.s.ServiceAppApplicationTests         : Started ServiceAppApplicationTests in 6.036 seconds (JVM running for 7.642)
2018-07-25 18:30:09.952  INFO 11088 --- [Thread-2] o.s.w.c.s.GenericWebApplicationContext   : Closing org.springframework.web.context.support.GenericWebApplicationContext@4f704591: startup date [Wed Jul 25 18:30:04 GMT+08:00 2018]; root of context hierarchy
2018-07-25 18:30:39.461  INFO 19416 --- [main] c.e.s.ServiceAppApplicationTests         : Starting ServiceAppApplicationTests on DESKTOP-VIC9HSB with PID 19416 (started by Cocoa in E:\idea_workspace\comeshop\service-app)
2018-07-25 18:30:39.463  INFO 19416 --- [main] c.e.s.ServiceAppApplicationTests         : The following profiles are active: dev
2018-07-25 18:30:39.588  INFO 19416 --- [main] o.s.w.c.s.GenericWebApplicationContext   : Refreshing org.springframework.web.context.support.GenericWebApplicationContext@27508c5d: startup date [Wed Jul 25 18:30:39 GMT+08:00 2018]; root of context hierarchy
2018-07-25 18:30:43.141  INFO 19416 --- [main] o.s.w.s.handler.SimpleUrlHandlerMapping  : Mapped URL path [/**/favicon.ico] onto handler of type [class org.springframework.web.servlet.resource.ResourceHttpRequestHandler]
2018-07-25 18:30:43.609  INFO 19416 --- [main] s.w.s.m.m.a.RequestMappingHandlerAdapter : Looking for @ControllerAdvice: org.springframework.web.context.support.GenericWebApplicationContext@27508c5d: startup date [Wed Jul 25 18:30:39 GMT+08:00 2018]; root of context hierarchy
2018-07-25 18:30:43.754  INFO 19416 --- [main] s.w.s.m.m.a.RequestMappingHandlerMapping : Mapped "{[/get]}" onto public java.lang.String com.eshop.serviceapp.controller.TestController.get(java.lang.Long)
2018-07-25 18:30:43.759  INFO 19416 --- [main] s.w.s.m.m.a.RequestMappingHandlerMapping : Mapped "{[/getPageList]}" onto public com.eshop.serviceapp.common.model.ResultList<java.util.List<com.eshop.serviceapp.model.User>> com.eshop.serviceapp.controller.TestController.getPageList(com.github.pagehelper.Page<com.eshop.serviceapp.model.User>,com.eshop.serviceapp.model.User)
2018-07-25 18:30:43.761  INFO 19416 --- [main] s.w.s.m.m.a.RequestMappingHandlerMapping : Mapped "{[/add]}" onto public com.eshop.serviceapp.common.model.ResultEntity<java.lang.String> com.eshop.serviceapp.controller.BaseController.add(T)
2018-07-25 18:30:43.763  INFO 19416 --- [main] s.w.s.m.m.a.RequestMappingHandlerMapping : Mapped "{[/update]}" onto public com.eshop.serviceapp.common.model.ResultEntity<java.lang.String> com.eshop.serviceapp.controller.BaseController.update(T)
2018-07-25 18:30:43.764  INFO 19416 --- [main] s.w.s.m.m.a.RequestMappingHandlerMapping : Mapped "{[/delete]}" onto public com.eshop.serviceapp.common.model.ResultEntity<java.lang.String> com.eshop.serviceapp.controller.BaseController.delete(java.lang.Long)
2018-07-25 18:30:43.765  INFO 19416 --- [main] s.w.s.m.m.a.RequestMappingHandlerMapping : Mapped "{[/list]}" onto public com.eshop.serviceapp.common.model.ResultList<java.util.List<T>> com.eshop.serviceapp.controller.BaseController.list(com.github.pagehelper.Page<T>,T)
2018-07-25 18:30:43.771  INFO 19416 --- [main] s.w.s.m.m.a.RequestMappingHandlerMapping : Mapped "{[/error]}" onto public org.springframework.http.ResponseEntity<java.util.Map<java.lang.String, java.lang.Object>> org.springframework.boot.autoconfigure.web.servlet.error.BasicErrorController.error(javax.servlet.http.HttpServletRequest)
2018-07-25 18:30:43.773  INFO 19416 --- [main] s.w.s.m.m.a.RequestMappingHandlerMapping : Mapped "{[/error],produces=[text/html]}" onto public org.springframework.web.servlet.ModelAndView org.springframework.boot.autoconfigure.web.servlet.error.BasicErrorController.errorHtml(javax.servlet.http.HttpServletRequest,javax.servlet.http.HttpServletResponse)
2018-07-25 18:30:43.860  INFO 19416 --- [main] o.s.w.s.handler.SimpleUrlHandlerMapping  : Mapped URL path [/webjars/**] onto handler of type [class org.springframework.web.servlet.resource.ResourceHttpRequestHandler]
2018-07-25 18:30:43.860  INFO 19416 --- [main] o.s.w.s.handler.SimpleUrlHandlerMapping  : Mapped URL path [/**] onto handler of type [class org.springframework.web.servlet.resource.ResourceHttpRequestHandler]
2018-07-25 18:30:44.938  INFO 19416 --- [main] c.e.s.ServiceAppApplicationTests         : Started ServiceAppApplicationTests in 6.271 seconds (JVM running for 7.724)
2018-07-25 18:30:45.253  INFO 19416 --- [Thread-2] o.s.w.c.s.GenericWebApplicationContext   : Closing org.springframework.web.context.support.GenericWebApplicationContext@27508c5d: startup date [Wed Jul 25 18:30:39 GMT+08:00 2018]; root of context hierarchy
